/*
 * Copyright (c) 2019 Arthur Schüler / enveeed (https://github.com/enveeed)
 *
 * This program is free software: you can redistribute it and/or modify
 * it under the terms of the GNU General Public License as published by
 * the Free Software Foundation, either version 3 of the License, or
 * (at your option) any later version.
 *
 * This program is distributed in the hope that it will be useful,
 * but WITHOUT ANY WARRANTY; without even the implied warranty of
 * MERCHANTABILITY or FITNESS FOR A PARTICULAR PURPOSE.  See the
 * GNU General Public License for more details.
 *
 * You should have received a copy of the GNU General Public License
 * along with this program.  If not, see <https://www.gnu.org/licenses/>.
 */

import enveeed.carambola.slf4j.CarambolaSLF4JServiceProvider;

module carambola.slf4j {

    requires carambola.core;
    requires org.slf4j;
    requires java.logging;
    requires kotlin.stdlib;

    provides org.slf4j.spi.SLF4JServiceProvider with CarambolaSLF4JServiceProvider;

}